<?xml version="1.0" encoding="UTF-8"?>
<testng-results ignored="0" total="2" passed="2" failed="0" skipped="0">
  <reporter-output>
  </reporter-output>
  <suite started-at="2024-05-30T00:30:30 IST" name="Default suite" finished-at="2024-05-30T00:30:30 IST" duration-ms="184">
    <groups>
    </groups>
    <test started-at="2024-05-30T00:30:30 IST" name="Default test" finished-at="2024-05-30T00:30:30 IST" duration-ms="184">
      <class name="jsonProject.ValidateTeamTest">
        <test-method signature="foreignPlayers()[pri:0, instance:jsonProject.ValidateTeamTest@611889f4]" started-at="2024-05-30T00:30:30 IST" name="foreignPlayers" finished-at="2024-05-30T00:30:30 IST" duration-ms="27" status="PASS">
          <reporter-output>
          </reporter-output>
        </test-method> <!-- foreignPlayers -->
        <test-method signature="wicketKeeper()[pri:0, instance:jsonProject.ValidateTeamTest@611889f4]" started-at="2024-05-30T00:30:30 IST" name="wicketKeeper" finished-at="2024-05-30T00:30:30 IST" duration-ms="8" status="PASS">
          <reporter-output>
          </reporter-output>
        </test-method> <!-- wicketKeeper -->
      </class> <!-- jsonProject.ValidateTeamTest -->
    </test> <!-- Default test -->
  </suite> <!-- Default suite -->
</testng-results>
